  Source.cpp
C:\Users\callu\Documents\Year4SoftEng\f20ga-cw\3DGraphicsTemplate_2021-2022-main\GAGraphicsTemplate2021-master\VS2019_3D_Graphics_and_Animation_Template\01_Pipeline_Interaction\Source.cpp(388,22): warning C4305: '-=': truncation from 'double' to 'T'
          with
          [
              T=float
          ]
C:\Users\callu\Documents\Year4SoftEng\f20ga-cw\3DGraphicsTemplate_2021-2022-main\GAGraphicsTemplate2021-master\VS2019_3D_Graphics_and_Animation_Template\01_Pipeline_Interaction\Source.cpp(389,22): warning C4305: '+=': truncation from 'double' to 'T'
          with
          [
              T=float
          ]
C:\Users\callu\Documents\Year4SoftEng\f20ga-cw\3DGraphicsTemplate_2021-2022-main\GAGraphicsTemplate2021-master\VS2019_3D_Graphics_and_Animation_Template\01_Pipeline_Interaction\Source.cpp(390,33): warning C4305: '-=': truncation from 'double' to 'T'
          with
          [
              T=float
          ]
C:\Users\callu\Documents\Year4SoftEng\f20ga-cw\3DGraphicsTemplate_2021-2022-main\GAGraphicsTemplate2021-master\VS2019_3D_Graphics_and_Animation_Template\01_Pipeline_Interaction\Source.cpp(391,34): warning C4305: '-=': truncation from 'double' to 'T'
          with
          [
              T=float
          ]
C:\Users\callu\Documents\Year4SoftEng\f20ga-cw\3DGraphicsTemplate_2021-2022-main\GAGraphicsTemplate2021-master\VS2019_3D_Graphics_and_Animation_Template\01_Pipeline_Interaction\Source.cpp(392,19): warning C4305: '-=': truncation from 'double' to 'T'
          with
          [
              T=float
          ]
C:\Users\callu\Documents\Year4SoftEng\f20ga-cw\3DGraphicsTemplate_2021-2022-main\GAGraphicsTemplate2021-master\VS2019_3D_Graphics_and_Animation_Template\01_Pipeline_Interaction\Source.cpp(393,21): warning C4305: '-=': truncation from 'double' to 'T'
          with
          [
              T=float
          ]
C:\Users\callu\Documents\Year4SoftEng\f20ga-cw\3DGraphicsTemplate_2021-2022-main\GAGraphicsTemplate2021-master\VS2019_3D_Graphics_and_Animation_Template\01_Pipeline_Interaction\Source.cpp(394,24): warning C4305: '-=': truncation from 'double' to 'T'
          with
          [
              T=float
          ]
C:\Users\callu\Documents\Year4SoftEng\f20ga-cw\3DGraphicsTemplate_2021-2022-main\GAGraphicsTemplate2021-master\VS2019_3D_Graphics_and_Animation_Template\01_Pipeline_Interaction\Source.cpp(395,26): warning C4305: '-=': truncation from 'double' to 'T'
          with
          [
              T=float
          ]
C:\Users\callu\Documents\Year4SoftEng\f20ga-cw\3DGraphicsTemplate_2021-2022-main\GAGraphicsTemplate2021-master\VS2019_3D_Graphics_and_Animation_Template\01_Pipeline_Interaction\Source.cpp(396,24): warning C4305: '+=': truncation from 'double' to 'T'
          with
          [
              T=float
          ]
C:\Users\callu\Documents\Year4SoftEng\f20ga-cw\3DGraphicsTemplate_2021-2022-main\GAGraphicsTemplate2021-master\VS2019_3D_Graphics_and_Animation_Template\01_Pipeline_Interaction\Source.cpp(397,22): warning C4305: '+=': truncation from 'double' to 'T'
          with
          [
              T=float
          ]
C:\Users\callu\Documents\Year4SoftEng\f20ga-cw\3DGraphicsTemplate_2021-2022-main\GAGraphicsTemplate2021-master\VS2019_3D_Graphics_and_Animation_Template\01_Pipeline_Interaction\Source.cpp(398,20): warning C4305: '-=': truncation from 'double' to 'T'
          with
          [
              T=float
          ]
C:\Users\callu\Documents\Year4SoftEng\f20ga-cw\3DGraphicsTemplate_2021-2022-main\GAGraphicsTemplate2021-master\VS2019_3D_Graphics_and_Animation_Template\01_Pipeline_Interaction\Source.cpp(402,22): warning C4305: '+=': truncation from 'double' to 'T'
          with
          [
              T=float
          ]
C:\Users\callu\Documents\Year4SoftEng\f20ga-cw\3DGraphicsTemplate_2021-2022-main\GAGraphicsTemplate2021-master\VS2019_3D_Graphics_and_Animation_Template\01_Pipeline_Interaction\Source.cpp(403,22): warning C4305: '-=': truncation from 'double' to 'T'
          with
          [
              T=float
          ]
C:\Users\callu\Documents\Year4SoftEng\f20ga-cw\3DGraphicsTemplate_2021-2022-main\GAGraphicsTemplate2021-master\VS2019_3D_Graphics_and_Animation_Template\01_Pipeline_Interaction\Source.cpp(404,33): warning C4305: '+=': truncation from 'double' to 'T'
          with
          [
              T=float
          ]
C:\Users\callu\Documents\Year4SoftEng\f20ga-cw\3DGraphicsTemplate_2021-2022-main\GAGraphicsTemplate2021-master\VS2019_3D_Graphics_and_Animation_Template\01_Pipeline_Interaction\Source.cpp(405,34): warning C4305: '+=': truncation from 'double' to 'T'
          with
          [
              T=float
          ]
C:\Users\callu\Documents\Year4SoftEng\f20ga-cw\3DGraphicsTemplate_2021-2022-main\GAGraphicsTemplate2021-master\VS2019_3D_Graphics_and_Animation_Template\01_Pipeline_Interaction\Source.cpp(406,19): warning C4305: '+=': truncation from 'double' to 'T'
          with
          [
              T=float
          ]
C:\Users\callu\Documents\Year4SoftEng\f20ga-cw\3DGraphicsTemplate_2021-2022-main\GAGraphicsTemplate2021-master\VS2019_3D_Graphics_and_Animation_Template\01_Pipeline_Interaction\Source.cpp(407,21): warning C4305: '+=': truncation from 'double' to 'T'
          with
          [
              T=float
          ]
C:\Users\callu\Documents\Year4SoftEng\f20ga-cw\3DGraphicsTemplate_2021-2022-main\GAGraphicsTemplate2021-master\VS2019_3D_Graphics_and_Animation_Template\01_Pipeline_Interaction\Source.cpp(408,24): warning C4305: '+=': truncation from 'double' to 'T'
          with
          [
              T=float
          ]
C:\Users\callu\Documents\Year4SoftEng\f20ga-cw\3DGraphicsTemplate_2021-2022-main\GAGraphicsTemplate2021-master\VS2019_3D_Graphics_and_Animation_Template\01_Pipeline_Interaction\Source.cpp(409,26): warning C4305: '+=': truncation from 'double' to 'T'
          with
          [
              T=float
          ]
C:\Users\callu\Documents\Year4SoftEng\f20ga-cw\3DGraphicsTemplate_2021-2022-main\GAGraphicsTemplate2021-master\VS2019_3D_Graphics_and_Animation_Template\01_Pipeline_Interaction\Source.cpp(410,24): warning C4305: '-=': truncation from 'double' to 'T'
          with
          [
              T=float
          ]
C:\Users\callu\Documents\Year4SoftEng\f20ga-cw\3DGraphicsTemplate_2021-2022-main\GAGraphicsTemplate2021-master\VS2019_3D_Graphics_and_Animation_Template\01_Pipeline_Interaction\Source.cpp(411,22): warning C4305: '-=': truncation from 'double' to 'T'
          with
          [
              T=float
          ]
C:\Users\callu\Documents\Year4SoftEng\f20ga-cw\3DGraphicsTemplate_2021-2022-main\GAGraphicsTemplate2021-master\VS2019_3D_Graphics_and_Animation_Template\01_Pipeline_Interaction\Source.cpp(412,20): warning C4305: '+=': truncation from 'double' to 'T'
          with
          [
              T=float
          ]
C:\Users\callu\Documents\Year4SoftEng\f20ga-cw\3DGraphicsTemplate_2021-2022-main\GAGraphicsTemplate2021-master\VS2019_3D_Graphics_and_Animation_Template\01_Pipeline_Interaction\Source.cpp(501,33): warning C4305: 'argument': truncation from 'double' to 'float'
C:\Users\callu\Documents\Year4SoftEng\f20ga-cw\3DGraphicsTemplate_2021-2022-main\GAGraphicsTemplate2021-master\VS2019_3D_Graphics_and_Animation_Template\01_Pipeline_Interaction\Source.cpp(516,33): warning C4305: 'argument': truncation from 'double' to 'float'
C:\Users\callu\Documents\Year4SoftEng\f20ga-cw\3DGraphicsTemplate_2021-2022-main\GAGraphicsTemplate2021-master\VS2019_3D_Graphics_and_Animation_Template\01_Pipeline_Interaction\Source.cpp(531,33): warning C4305: 'argument': truncation from 'double' to 'float'
C:\Users\callu\Documents\Year4SoftEng\f20ga-cw\3DGraphicsTemplate_2021-2022-main\GAGraphicsTemplate2021-master\VS2019_3D_Graphics_and_Animation_Template\01_Pipeline_Interaction\Source.cpp(547,33): warning C4305: 'argument': truncation from 'double' to 'float'
C:\Users\callu\Documents\Year4SoftEng\f20ga-cw\3DGraphicsTemplate_2021-2022-main\GAGraphicsTemplate2021-master\VS2019_3D_Graphics_and_Animation_Template\01_Pipeline_Interaction\Source.cpp(563,33): warning C4305: 'argument': truncation from 'double' to 'float'
C:\Users\callu\Documents\Year4SoftEng\f20ga-cw\3DGraphicsTemplate_2021-2022-main\GAGraphicsTemplate2021-master\VS2019_3D_Graphics_and_Animation_Template\01_Pipeline_Interaction\Source.cpp(578,33): warning C4305: 'argument': truncation from 'double' to 'float'
C:\Users\callu\Documents\Year4SoftEng\f20ga-cw\3DGraphicsTemplate_2021-2022-main\GAGraphicsTemplate2021-master\VS2019_3D_Graphics_and_Animation_Template\01_Pipeline_Interaction\Source.cpp(593,33): warning C4305: 'argument': truncation from 'double' to 'float'
C:\Users\callu\Documents\Year4SoftEng\f20ga-cw\3DGraphicsTemplate_2021-2022-main\GAGraphicsTemplate2021-master\VS2019_3D_Graphics_and_Animation_Template\01_Pipeline_Interaction\Source.cpp(608,33): warning C4305: 'argument': truncation from 'double' to 'float'
C:\Users\callu\Documents\Year4SoftEng\f20ga-cw\3DGraphicsTemplate_2021-2022-main\GAGraphicsTemplate2021-master\VS2019_3D_Graphics_and_Animation_Template\01_Pipeline_Interaction\Source.cpp(610,33): warning C4305: 'argument': truncation from 'double' to 'float'
C:\Users\callu\Documents\Year4SoftEng\f20ga-cw\3DGraphicsTemplate_2021-2022-main\GAGraphicsTemplate2021-master\VS2019_3D_Graphics_and_Animation_Template\01_Pipeline_Interaction\Source.cpp(617,33): warning C4305: 'argument': truncation from 'double' to 'float'
C:\Users\callu\Documents\Year4SoftEng\f20ga-cw\3DGraphicsTemplate_2021-2022-main\GAGraphicsTemplate2021-master\VS2019_3D_Graphics_and_Animation_Template\01_Pipeline_Interaction\Source.cpp(628,33): warning C4305: 'argument': truncation from 'double' to 'float'
C:\Users\callu\Documents\Year4SoftEng\f20ga-cw\3DGraphicsTemplate_2021-2022-main\GAGraphicsTemplate2021-master\VS2019_3D_Graphics_and_Animation_Template\01_Pipeline_Interaction\Source.cpp(631,33): warning C4305: 'argument': truncation from 'double' to 'float'
C:\Users\callu\Documents\Year4SoftEng\f20ga-cw\3DGraphicsTemplate_2021-2022-main\GAGraphicsTemplate2021-master\VS2019_3D_Graphics_and_Animation_Template\01_Pipeline_Interaction\Source.cpp(636,33): warning C4305: 'argument': truncation from 'double' to 'float'
C:\Users\callu\Documents\Year4SoftEng\f20ga-cw\3DGraphicsTemplate_2021-2022-main\GAGraphicsTemplate2021-master\VS2019_3D_Graphics_and_Animation_Template\01_Pipeline_Interaction\Source.cpp(645,33): warning C4305: 'argument': truncation from 'double' to 'float'
C:\Users\callu\Documents\Year4SoftEng\f20ga-cw\3DGraphicsTemplate_2021-2022-main\GAGraphicsTemplate2021-master\VS2019_3D_Graphics_and_Animation_Template\01_Pipeline_Interaction\Source.cpp(649,33): warning C4305: 'argument': truncation from 'double' to 'float'
C:\Users\callu\Documents\Year4SoftEng\f20ga-cw\3DGraphicsTemplate_2021-2022-main\GAGraphicsTemplate2021-master\VS2019_3D_Graphics_and_Animation_Template\01_Pipeline_Interaction\Source.cpp(652,33): warning C4305: 'argument': truncation from 'double' to 'float'
C:\Users\callu\Documents\Year4SoftEng\f20ga-cw\3DGraphicsTemplate_2021-2022-main\GAGraphicsTemplate2021-master\VS2019_3D_Graphics_and_Animation_Template\01_Pipeline_Interaction\Source.cpp(658,33): warning C4305: 'argument': truncation from 'double' to 'float'
C:\Users\callu\Documents\Year4SoftEng\f20ga-cw\3DGraphicsTemplate_2021-2022-main\GAGraphicsTemplate2021-master\VS2019_3D_Graphics_and_Animation_Template\01_Pipeline_Interaction\Source.cpp(661,33): warning C4305: 'argument': truncation from 'double' to 'float'
C:\Users\callu\Documents\Year4SoftEng\f20ga-cw\3DGraphicsTemplate_2021-2022-main\GAGraphicsTemplate2021-master\VS2019_3D_Graphics_and_Animation_Template\01_Pipeline_Interaction\Source.cpp(670,33): warning C4305: 'argument': truncation from 'double' to 'float'
C:\Users\callu\Documents\Year4SoftEng\f20ga-cw\3DGraphicsTemplate_2021-2022-main\GAGraphicsTemplate2021-master\VS2019_3D_Graphics_and_Animation_Template\01_Pipeline_Interaction\Source.cpp(674,33): warning C4305: 'argument': truncation from 'double' to 'float'
C:\Users\callu\Documents\Year4SoftEng\f20ga-cw\3DGraphicsTemplate_2021-2022-main\GAGraphicsTemplate2021-master\VS2019_3D_Graphics_and_Animation_Template\01_Pipeline_Interaction\Source.cpp(725,33): warning C4305: 'argument': truncation from 'double' to 'float'
  01_Pipeline_Interaction.vcxproj -> C:\Users\callu\Documents\Year4SoftEng\f20ga-cw\3DGraphicsTemplate_2021-2022-main\GAGraphicsTemplate2021-master\VS2019_3D_Graphics_and_Animation_Template\x64\Debug\Main_Template.exe
